<?xml version="1.0" encoding="UTF-8"?>
<!-- Generated by org.testng.reporters.JUnitXMLReporter -->
<testsuite hostname="NAIL4701LP63QRG" ignored="0" name="TestNg Basics 1" tests="3" failures="1" timestamp="04 Oct 2021 01:50:15 GMT" time="0.076" errors="0">
  <testcase name="Test1" time="0.0" classname="io.restassured.kt.TestNgBasics">
    <failure type="org.testng.TestNGException" message="
Parameter &amp;apos;URL&amp;apos; is required by @Test on method Test1 but has not been marked @Optional or defined
in C:\Users\Ayon.Choudhury\RestAssuredKT\testng.xml">
      <![CDATA[org.testng.TestNGException: 
Parameter 'URL' is required by @Test on method Test1 but has not been marked @Optional or defined
in C:\Users\Ayon.Choudhury\RestAssuredKT\testng.xml
at java.util.concurrent.FutureTask.run(FutureTask.java:266)
at java.util.concurrent.ThreadPoolExecutor.runWorker(ThreadPoolExecutor.java:1149)
at java.util.concurrent.ThreadPoolExecutor$Worker.run(ThreadPoolExecutor.java:624)
at java.lang.Thread.run(Thread.java:748)
... Removed 15 stack frames]]>
    </failure>
  </testcase> <!-- Test1 -->
  <testcase name="Test3" time="0.016" classname="io.restassured.kt.TestNgBasics"/>
  <testcase name="MangoTest2" time="0.0" classname="io.restassured.kt.TestNgBasics">
    <skipped/>
  </testcase> <!-- MangoTest2 -->
</testsuite> <!-- TestNg Basics 1 -->
